<?xml version="1.0" encoding="UTF-8"?>
<testng-results ignored="0" total="2" passed="2" failed="0" skipped="0">
  <reporter-output>
  </reporter-output>
  <suite started-at="2024-01-24T13:19:44 CET" name="Suite" finished-at="2024-01-24T13:26:19 CET" duration-ms="395377">
    <groups>
    </groups>
    <test started-at="2024-01-24T13:19:44 CET" name="Test" finished-at="2024-01-24T13:26:19 CET" duration-ms="395377">
      <class name="com.xm.task.tests.ApiTest">
        <test-method signature="automationTaskApi()[pri:0, instance:com.xm.task.tests.ApiTest@117159c0]" started-at="2024-01-24T13:20:51 CET" name="automationTaskApi" finished-at="2024-01-24T13:26:19 CET" duration-ms="328378" status="PASS">
          <reporter-output>
          </reporter-output>
        </test-method> <!-- automationTaskApi -->
      </class> <!-- com.xm.task.tests.ApiTest -->
      <class name="com.xm.task.tests.UiTest">
        <test-method signature="automationTaskUi()[pri:0, instance:com.xm.task.tests.UiTest@6e9175d8]" started-at="2024-01-24T13:19:44 CET" name="automationTaskUi" finished-at="2024-01-24T13:20:51 CET" duration-ms="66951" status="PASS">
          <reporter-output>
          </reporter-output>
        </test-method> <!-- automationTaskUi -->
      </class> <!-- com.xm.task.tests.UiTest -->
    </test> <!-- Test -->
  </suite> <!-- Suite -->
</testng-results>
